TN:
SF:src/app.ts
FN:26,(anonymous_1)
FN:37,init
FN:42,close
FNF:3
FNH:2
FNDA:1,(anonymous_1)
FNDA:11,init
FNDA:0,close
DA:1,11
DA:2,11
DA:3,11
DA:4,11
DA:6,11
DA:8,11
DA:10,11
DA:11,11
DA:22,11
DA:23,11
DA:26,1
DA:37,11
DA:38,11
DA:39,11
DA:42,11
DA:43,0
DA:46,11
LF:17
LH:16
BRF:0
BRH:0
end_of_record
TN:
SF:src/server.ts
FN:5,(anonymous_6)
FN:6,(anonymous_7)
FNF:2
FNH:0
FNDA:0,(anonymous_6)
FNDA:0,(anonymous_7)
DA:1,0
DA:3,0
DA:5,0
DA:6,0
DA:8,0
LF:5
LH:0
BRDA:3,0,0,0
BRDA:3,0,1,0
BRF:2
BRH:0
end_of_record
TN:
SF:src/config/database.ts
FN:4,connectDb
FN:8,disconnectDB
FNF:2
FNH:1
FNDA:11,connectDb
FNDA:0,disconnectDB
DA:1,14
DA:4,14
DA:5,11
DA:8,14
DA:9,0
LF:5
LH:4
BRF:0
BRH:0
end_of_record
TN:
SF:src/config/envs.ts
FN:4,loadEnv
FNF:1
FNH:1
FNDA:25,loadEnv
DA:1,14
DA:2,14
DA:4,14
DA:6,25
DA:12,25
DA:13,25
LF:6
LH:6
BRDA:6,0,0,25
BRDA:6,0,1,0
BRDA:8,1,0,0
BRDA:8,1,1,0
BRF:4
BRH:1
end_of_record
TN:
SF:src/config/index.ts
FNF:0
FNH:0
DA:1,14
DA:2,14
LF:2
LH:2
BRF:0
BRH:0
end_of_record
TN:
SF:src/controllers/authentication-controller.ts
FN:5,singInPost
FNF:1
FNH:1
FNDA:5,singInPost
DA:2,11
DA:3,11
DA:5,11
DA:6,5
DA:8,5
DA:9,5
DA:11,3
DA:13,2
LF:8
LH:8
BRF:0
BRH:0
end_of_record
TN:
SF:src/controllers/bookings-controller.ts
FN:6,getBooking
FN:16,createBooking
FN:27,updateBooking
FNF:3
FNH:3
FNDA:2,getBooking
FNDA:8,createBooking
FNDA:5,updateBooking
DA:2,11
DA:4,11
DA:6,11
DA:7,2
DA:8,2
DA:9,2
DA:10,1
DA:12,1
DA:16,11
DA:17,8
DA:18,8
DA:19,8
DA:20,8
DA:21,1
DA:23,7
DA:27,11
DA:28,5
DA:29,5
DA:30,5
DA:31,5
DA:32,5
DA:33,1
DA:35,4
LF:23
LH:23
BRF:0
BRH:0
end_of_record
TN:
SF:src/controllers/enrollments-controller.ts
FN:6,getEnrollmentByUser
FN:18,postCreateOrUpdateEnrollment
FN:31,getAddressFromCEP
FNF:3
FNH:3
FNDA:2,getEnrollmentByUser
FNDA:2,postCreateOrUpdateEnrollment
FNDA:2,getAddressFromCEP
DA:2,11
DA:4,11
DA:6,11
DA:7,2
DA:9,2
DA:10,2
DA:12,1
DA:14,1
DA:18,11
DA:19,2
DA:20,2
DA:25,2
DA:27,0
DA:31,11
DA:32,2
DA:34,2
DA:35,2
DA:36,1
DA:38,1
DA:39,1
LF:20
LH:19
BRDA:38,0,0,1
BRF:1
BRH:1
end_of_record
TN:
SF:src/controllers/events-controller.ts
FN:5,getDefaultEvent
FNF:1
FNH:1
FNDA:2,getDefaultEvent
DA:2,11
DA:3,11
DA:5,11
DA:6,2
DA:7,2
DA:8,1
DA:10,1
LF:7
LH:7
BRF:0
BRH:0
end_of_record
TN:
SF:src/controllers/hotels-controller.ts
FN:6,getHotels
FN:16,getHotelsWithRooms
FNF:2
FNH:2
FNDA:4,getHotels
FNDA:5,getHotelsWithRooms
DA:2,11
DA:4,11
DA:6,11
DA:7,4
DA:8,4
DA:9,4
DA:10,1
DA:12,3
DA:16,11
DA:17,5
DA:18,5
DA:19,5
DA:20,5
DA:21,1
DA:23,4
LF:15
LH:15
BRF:0
BRH:0
end_of_record
TN:
SF:src/controllers/index.ts
FNF:0
FNH:0
DA:1,11
DA:2,11
DA:3,11
DA:4,11
DA:5,11
DA:6,11
LF:6
LH:6
BRF:0
BRH:0
end_of_record
TN:
SF:src/controllers/payments-controller.ts
FN:7,getPaymentByTicketId
FN:24,payTicket
FNF:2
FNH:2
FNDA:4,getPaymentByTicketId
FNDA:7,payTicket
DA:2,11
DA:4,11
DA:5,11
DA:7,11
DA:8,4
DA:9,4
DA:10,4
DA:11,4
DA:12,1
DA:14,3
DA:15,1
DA:16,2
DA:17,1
DA:18,1
DA:19,1
DA:24,11
DA:25,7
DA:26,7
DA:27,7
DA:28,7
DA:29,3
DA:30,3
DA:32,4
DA:33,2
DA:34,2
DA:35,1
DA:36,1
DA:37,1
LF:28
LH:28
BRDA:14,0,0,1
BRDA:14,0,1,2
BRDA:16,1,0,1
BRDA:16,1,1,1
BRDA:18,2,0,1
BRDA:32,3,0,2
BRDA:32,3,1,2
BRDA:34,4,0,1
BRDA:34,4,1,1
BRDA:36,5,0,1
BRF:10
BRH:10
end_of_record
TN:
SF:src/controllers/tickets-controller.ts
FN:6,createUserTicket
FN:21,getTicketTypes
FN:30,getUserTicket
FNF:3
FNH:3
FNDA:4,createUserTicket
FNDA:2,getTicketTypes
FNDA:3,getUserTicket
DA:2,11
DA:4,11
DA:6,11
DA:7,4
DA:8,4
DA:9,4
DA:10,4
DA:11,2
DA:13,2
DA:14,1
DA:16,1
DA:21,11
DA:22,2
DA:23,2
DA:24,2
DA:26,0
DA:30,11
DA:31,3
DA:32,3
DA:33,3
DA:34,1
DA:36,2
LF:22
LH:21
BRDA:13,0,0,1
BRDA:13,0,1,1
BRF:2
BRH:2
end_of_record
TN:
SF:src/controllers/users-controller.ts
FN:5,usersPost
FNF:1
FNH:1
FNDA:6,usersPost
DA:2,11
DA:3,11
DA:5,11
DA:6,6
DA:8,6
DA:9,6
DA:10,3
DA:15,3
DA:16,1
DA:18,2
LF:10
LH:10
BRDA:15,0,0,1
BRF:1
BRH:1
end_of_record
TN:
SF:src/errors/cannot-enroll-before-start-date-error.ts
FN:3,cannotEnrollBeforeStartDateError
FNF:1
FNH:1
FNDA:2,cannotEnrollBeforeStartDateError
DA:3,11
DA:4,2
LF:2
LH:2
BRF:0
BRH:0
end_of_record
TN:
SF:src/errors/cannot-list-hotels-error.ts
FN:3,cannotListHotelsError
FNF:1
FNH:1
FNDA:2,cannotListHotelsError
DA:3,11
DA:4,2
LF:2
LH:2
BRF:0
BRH:0
end_of_record
TN:
SF:src/errors/conflict-error.ts
FN:3,conflictError
FNF:1
FNH:0
FNDA:0,conflictError
DA:3,11
DA:4,0
LF:2
LH:1
BRF:0
BRH:0
end_of_record
TN:
SF:src/errors/couldnt-create-ticket.ts
FN:1,couldntCreateError
FNF:1
FNH:0
FNDA:0,couldntCreateError
DA:1,11
DA:2,0
LF:2
LH:1
BRF:0
BRH:0
end_of_record
TN:
SF:src/errors/forbidden-error.ts
FN:3,forbiddenError
FNF:1
FNH:1
FNDA:9,forbiddenError
DA:3,11
DA:4,9
LF:2
LH:2
BRF:0
BRH:0
end_of_record
TN:
SF:src/errors/index.ts
FNF:0
FNH:0
DA:1,11
DA:2,11
DA:3,11
DA:4,11
DA:5,11
DA:6,11
DA:7,11
DA:8,11
DA:9,11
DA:10,11
DA:11,11
LF:11
LH:11
BRF:0
BRH:0
end_of_record
TN:
SF:src/errors/invalid-data-error.ts
FN:3,invalidDataError
FNF:1
FNH:1
FNDA:7,invalidDataError
DA:3,11
DA:4,7
LF:2
LH:2
BRF:0
BRH:0
end_of_record
TN:
SF:src/errors/invalid-email-error.ts
FN:3,invalidEmailError
FNF:1
FNH:0
FNDA:0,invalidEmailError
DA:3,11
DA:4,0
LF:2
LH:1
BRF:0
BRH:0
end_of_record
TN:
SF:src/errors/non-existant-cep.ts
FN:3,nonExistentCep
FNF:1
FNH:0
FNDA:0,nonExistentCep
DA:3,11
DA:4,0
LF:2
LH:1
BRF:0
BRH:0
end_of_record
TN:
SF:src/errors/not-found-error.ts
FN:3,notFoundError
FNF:1
FNH:1
FNDA:16,notFoundError
DA:3,11
DA:4,16
LF:2
LH:2
BRF:0
BRH:0
end_of_record
TN:
SF:src/errors/not-paid-error.ts
FN:3,notPaidError
FNF:1
FNH:0
FNDA:0,notPaidError
DA:3,11
DA:4,0
LF:2
LH:1
BRF:0
BRH:0
end_of_record
TN:
SF:src/errors/request-error.ts
FN:3,requestError
FNF:1
FNH:1
FNDA:4,requestError
DA:3,11
DA:4,4
LF:2
LH:2
BRF:0
BRH:0
end_of_record
TN:
SF:src/errors/unauthorized-error.ts
FN:3,unauthorizedError
FNF:1
FNH:1
FNDA:38,unauthorizedError
DA:3,11
DA:4,38
LF:2
LH:2
BRF:0
BRH:0
end_of_record
TN:
SF:src/middlewares/authentication-middleware.ts
FN:8,authenticateToken
FN:33,generateUnauthorizedResponse
FNF:2
FNH:2
FNDA:87,authenticateToken
FNDA:36,generateUnauthorizedResponse
DA:2,11
DA:3,11
DA:5,11
DA:6,11
DA:8,11
DA:9,87
DA:10,87
DA:12,75
DA:13,75
DA:15,75
DA:16,75
DA:18,63
DA:23,63
DA:25,51
DA:27,51
DA:29,12
DA:34,36
LF:17
LH:17
BRDA:10,0,0,12
BRDA:13,1,0,0
BRDA:23,2,0,12
BRF:3
BRH:2
end_of_record
TN:
SF:src/middlewares/error-handling-middleware.ts
FN:5,handleApplicationErrors
FNF:1
FNH:1
FNDA:19,handleApplicationErrors
DA:2,11
DA:5,11
DA:11,19
DA:12,0
DA:17,19
DA:18,0
DA:23,19
DA:24,0
DA:29,19
DA:30,0
DA:35,19
DA:36,8
DA:41,11
DA:42,2
DA:47,9
DA:48,9
DA:54,0
DA:55,0
LF:18
LH:12
BRDA:11,0,0,0
BRDA:17,1,0,0
BRDA:17,2,0,19
BRDA:17,2,1,19
BRDA:23,3,0,0
BRDA:29,4,0,0
BRDA:35,5,0,8
BRDA:41,6,0,2
BRDA:47,7,0,9
BRF:9
BRH:5
end_of_record
TN:
SF:src/middlewares/index.ts
FNF:0
FNH:0
DA:1,11
DA:2,11
DA:3,11
LF:3
LH:3
BRF:0
BRH:0
end_of_record
TN:
SF:src/middlewares/validation-middleware.ts
FN:6,validateBody
FN:10,validateParams
FN:14,validate
FN:15,(anonymous_4)
FN:23,(anonymous_5)
FNF:5
FNH:4
FNDA:33,validateBody
FNDA:0,validateParams
FNDA:33,validate
FNDA:20,(anonymous_4)
FNDA:23,(anonymous_5)
DA:2,11
DA:4,11
DA:6,11
DA:7,33
DA:10,11
DA:11,0
DA:15,33
DA:16,20
DA:20,20
DA:21,13
DA:23,23
LF:11
LH:10
BRDA:20,0,0,13
BRDA:20,0,1,7
BRF:2
BRH:2
end_of_record
TN:
SF:src/repositories/address-repository/index.ts
FN:4,upsert
FNF:1
FNH:1
FNDA:2,upsert
DA:2,11
DA:5,2
DA:20,11
DA:24,11
LF:4
LH:4
BRF:0
BRH:0
end_of_record
TN:
SF:src/repositories/booking-repository/index.ts
FN:3,getBooking
FN:10,getBookingById
FN:16,createBooking
FN:25,countBookings
FN:31,getAllBookings
FN:35,updateBooking
FNF:6
FNH:5
FNDA:2,getBooking
FNDA:4,getBookingById
FNDA:1,createBooking
FNDA:4,countBookings
FNDA:0,getAllBookings
FNDA:1,updateBooking
DA:1,11
DA:4,2
DA:11,4
DA:17,1
DA:26,4
DA:32,0
DA:36,1
DA:46,11
DA:55,11
LF:9
LH:8
BRF:0
BRH:0
end_of_record
TN:
SF:src/repositories/enrollment-repository/index.ts
FN:4,findByUserId
FN:10,findWithAddressByUserId
FN:19,findEnrollment
FN:28,upsert
FN:42,findById
FNF:5
FNH:4
FNDA:13,findByUserId
FNDA:14,findWithAddressByUserId
FNDA:4,findEnrollment
FNDA:2,upsert
FNDA:0,findById
DA:2,11
DA:5,13
DA:11,14
DA:20,4
DA:33,2
DA:43,0
DA:51,11
DA:59,11
LF:8
LH:7
BRF:0
BRH:0
end_of_record
TN:
SF:src/repositories/event-repository/index.ts
FN:3,findFirst
FNF:1
FNH:1
FNDA:11,findFirst
DA:1,11
DA:4,11
DA:7,11
DA:11,11
LF:4
LH:4
BRF:0
BRH:0
end_of_record
TN:
SF:src/repositories/hotel-repository/index.ts
FN:3,findHotelById
FN:10,findHotels
FNF:2
FNH:2
FNDA:3,findHotelById
FNDA:2,findHotels
DA:1,11
DA:4,3
DA:11,2
DA:14,11
DA:19,11
LF:5
LH:5
BRF:0
BRH:0
end_of_record
TN:
SF:src/repositories/payments-repository/index.ts
FN:4,findPaymentByTicketId
FN:10,createPaymentStatus
FNF:2
FNH:2
FNDA:4,findPaymentByTicketId
FNDA:3,createPaymentStatus
DA:1,11
DA:5,4
DA:11,3
DA:21,11
DA:26,11
LF:5
LH:5
BRF:0
BRH:0
end_of_record
TN:
SF:src/repositories/room-repository/index.ts
FN:3,findRoomById
FNF:1
FNH:1
FNDA:13,findRoomById
DA:1,11
DA:4,13
DA:9,11
DA:13,11
LF:4
LH:4
BRF:0
BRH:0
end_of_record
TN:
SF:src/repositories/session-repository/index.ts
FN:4,create
FNF:1
FNH:1
FNDA:5,create
DA:2,11
DA:5,5
DA:10,11
DA:14,11
LF:4
LH:4
BRF:0
BRH:0
end_of_record
TN:
SF:src/repositories/tickets-repository/index.ts
FN:4,createTicket
FN:14,findAllTypes
FN:18,findTicketByEnrollmentId
FN:29,findTicketById
FN:40,findTicketTypeById
FN:46,ticketProcessPayment
FN:56,updateTicketStatus
FNF:7
FNH:6
FNDA:3,createTicket
FNDA:2,findAllTypes
FNDA:17,findTicketByEnrollmentId
FNDA:8,findTicketById
FNDA:4,findTicketTypeById
FNDA:0,ticketProcessPayment
FNDA:3,updateTicketStatus
DA:1,11
DA:2,11
DA:5,3
DA:15,2
DA:23,17
DA:30,8
DA:41,4
DA:47,0
DA:57,3
DA:63,11
DA:73,11
LF:11
LH:10
BRF:0
BRH:0
end_of_record
TN:
SF:src/repositories/user-repository/index.ts
FN:4,findByEmail
FN:18,create
FNF:2
FNH:2
FNDA:16,findByEmail
FNDA:5,create
DA:2,11
DA:5,16
DA:11,16
DA:12,9
DA:15,16
DA:19,5
DA:24,11
DA:29,11
LF:8
LH:8
BRDA:11,0,0,9
BRF:1
BRH:1
end_of_record
TN:
SF:src/routers/authentication-router.ts
FNF:0
FNH:0
DA:1,11
DA:2,11
DA:3,11
DA:4,11
DA:6,11
DA:8,11
DA:10,11
LF:7
LH:7
BRF:0
BRH:0
end_of_record
TN:
SF:src/routers/bookings-router.ts
FNF:0
FNH:0
DA:1,11
DA:2,11
DA:3,11
DA:5,11
DA:7,11
DA:13,11
LF:6
LH:6
BRF:0
BRH:0
end_of_record
TN:
SF:src/routers/enrollments-router.ts
FNF:0
FNH:0
DA:1,11
DA:2,11
DA:3,11
DA:4,11
DA:6,11
DA:8,11
DA:14,11
LF:7
LH:7
BRF:0
BRH:0
end_of_record
TN:
SF:src/routers/events-router.ts
FNF:0
FNH:0
DA:1,11
DA:2,11
DA:4,11
DA:6,11
DA:8,11
LF:5
LH:5
BRF:0
BRH:0
end_of_record
TN:
SF:src/routers/hotels-router.ts
FNF:0
FNH:0
DA:1,11
DA:2,11
DA:3,11
DA:5,11
DA:7,11
DA:9,11
LF:6
LH:6
BRF:0
BRH:0
end_of_record
TN:
SF:src/routers/index.ts
FNF:0
FNH:0
DA:1,11
DA:2,11
DA:3,11
DA:4,11
DA:5,11
DA:6,11
DA:7,11
DA:8,11
LF:8
LH:8
BRF:0
BRH:0
end_of_record
TN:
SF:src/routers/payments-router.ts
FNF:0
FNH:0
DA:1,11
DA:2,11
DA:3,11
DA:5,11
DA:6,11
DA:7,11
DA:8,11
DA:10,11
LF:8
LH:8
BRF:0
BRH:0
end_of_record
TN:
SF:src/routers/tickets-router.ts
FNF:0
FNH:0
DA:1,11
DA:2,11
DA:3,11
DA:5,11
DA:6,11
DA:7,11
DA:8,11
DA:9,11
DA:11,11
LF:9
LH:9
BRF:0
BRH:0
end_of_record
TN:
SF:src/routers/users-router.ts
FNF:0
FNH:0
DA:1,11
DA:3,11
DA:4,11
DA:5,11
DA:7,11
DA:9,11
DA:11,11
LF:7
LH:7
BRF:0
BRH:0
end_of_record
TN:
SF:src/schemas/authentication-schemas.ts
FNF:0
FNH:0
DA:1,14
DA:4,14
LF:2
LH:2
BRF:0
BRH:0
end_of_record
TN:
SF:src/schemas/enrollments-schemas.ts
FN:23,(anonymous_1)
FN:30,joiCpfValidation
FN:40,JoiCepValidation
FN:54,joiMobilePhoneValidation
FNF:4
FNH:4
FNDA:378,(anonymous_1)
FNDA:29,joiCpfValidation
FNDA:19,JoiCepValidation
FNDA:23,joiMobilePhoneValidation
DA:1,14
DA:2,14
DA:5,14
DA:7,14
DA:9,14
DA:11,14
DA:23,378
DA:31,29
DA:33,29
DA:34,1
DA:37,28
DA:41,19
DA:43,19
DA:44,1
DA:47,18
DA:49,18
DA:51,18
DA:55,23
DA:57,23
DA:58,0
DA:61,23
LF:21
LH:20
BRDA:31,0,0,0
BRDA:33,1,0,1
BRDA:41,2,0,0
BRDA:43,3,0,1
BRDA:55,4,0,0
BRDA:57,5,0,0
BRF:6
BRH:2
end_of_record
TN:
SF:src/schemas/index.ts
FNF:0
FNH:0
DA:1,14
DA:2,14
DA:3,14
LF:3
LH:3
BRF:0
BRH:0
end_of_record
TN:
SF:src/schemas/tickets-schemas.ts
FNF:0
FNH:0
DA:1,0
DA:4,0
LF:2
LH:0
BRF:0
BRH:0
end_of_record
TN:
SF:src/schemas/users-schemas.ts
FNF:0
FNH:0
DA:1,14
DA:4,14
LF:2
LH:2
BRF:0
BRH:0
end_of_record
TN:
SF:src/services/index.ts
FNF:0
FNH:0
DA:1,0
DA:2,0
DA:3,0
DA:4,0
DA:5,0
DA:6,0
LF:6
LH:0
BRF:0
BRH:0
end_of_record
TN:
SF:src/services/authentication-service/errors.ts
FN:3,invalidCredentialsError
FNF:1
FNH:1
FNDA:6,invalidCredentialsError
DA:3,11
DA:4,6
LF:2
LH:2
BRF:0
BRH:0
end_of_record
TN:
SF:src/services/authentication-service/index.ts
FN:9,signIn
FN:24,getUserOrFail
FN:31,createSession
FN:41,validatePasswordOrFail
FNF:4
FNH:4
FNDA:9,signIn
FNDA:9,getUserOrFail
FNDA:5,createSession
FNDA:7,validatePasswordOrFail
DA:2,11
DA:3,11
DA:4,11
DA:5,11
DA:6,11
DA:7,11
DA:10,9
DA:12,9
DA:14,7
DA:16,5
DA:18,5
DA:25,9
DA:26,9
DA:28,7
DA:32,5
DA:33,5
DA:38,5
DA:42,7
DA:43,7
DA:55,11
DA:59,11
DA:60,11
LF:22
LH:22
BRDA:26,0,0,2
BRDA:43,1,0,2
BRF:2
BRH:2
end_of_record
TN:
SF:src/services/bookings-service/index.ts
FN:7,getBooking
FN:14,createBooking
FN:40,updateBooking
FNF:3
FNH:3
FNDA:2,getBooking
FNDA:8,createBooking
FNDA:5,updateBooking
DA:1,11
DA:2,11
DA:3,11
DA:4,11
DA:5,11
DA:8,2
DA:9,2
DA:10,1
DA:11,1
DA:15,8
DA:16,8
DA:17,1
DA:20,7
DA:21,7
DA:22,1
DA:25,6
DA:26,6
DA:27,4
DA:30,2
DA:31,2
DA:32,1
DA:35,1
DA:36,1
DA:37,1
DA:41,5
DA:42,5
DA:43,1
DA:46,4
DA:47,4
DA:48,2
DA:51,2
DA:52,2
DA:53,1
DA:56,1
DA:57,1
DA:58,1
DA:62,11
LF:37
LH:37
BRDA:9,0,0,1
BRDA:16,1,0,1
BRDA:21,2,0,1
BRDA:26,3,0,4
BRDA:26,4,0,6
BRDA:26,4,1,5
BRDA:26,4,2,4
BRDA:26,4,3,3
BRDA:31,5,0,1
BRDA:42,6,0,1
BRDA:47,7,0,2
BRDA:47,8,0,4
BRDA:47,8,1,3
BRDA:52,9,0,1
BRF:14
BRH:14
end_of_record
TN:
SF:src/services/enrollments-service/index.ts
FN:9,getAddressFromCEP
FN:29,getOneWithAddressByUserId
FN:45,getFirstAddress
FN:53,createOrUpdateEnrollmentWithAddress
FN:68,getAddressForUpsert
FNF:5
FNH:5
FNDA:4,getAddressFromCEP
FNDA:2,getOneWithAddressByUserId
FNDA:1,getFirstAddress
FNDA:2,createOrUpdateEnrollmentWithAddress
FNDA:2,getAddressForUpsert
DA:2,11
DA:3,11
DA:4,11
DA:5,11
DA:6,11
DA:10,4
DA:12,4
DA:13,1
DA:16,3
DA:18,3
DA:26,3
DA:30,2
DA:32,2
DA:34,1
DA:35,1
DA:37,1
DA:46,1
DA:48,1
DA:54,2
DA:55,2
DA:57,2
DA:58,2
DA:60,0
DA:63,2
DA:65,2
DA:69,2
DA:79,11
DA:85,11
LF:28
LH:27
BRDA:12,0,0,1
BRDA:12,1,0,4
BRDA:12,1,1,3
BRDA:32,2,0,1
BRDA:39,3,0,1
BRDA:39,3,1,1
BRDA:46,4,0,0
BRDA:71,5,0,2
BRDA:71,5,1,2
BRF:9
BRH:8
end_of_record
TN:
SF:src/services/events-service/index.ts
FN:7,getFirstEvent
FN:16,isCurrentEventActive
FNF:2
FNH:2
FNDA:2,getFirstEvent
FNDA:9,isCurrentEventActive
DA:2,11
DA:3,11
DA:4,11
DA:5,11
DA:8,2
DA:9,2
DA:11,1
DA:17,9
DA:18,9
DA:20,8
DA:21,8
DA:22,8
DA:24,8
DA:27,11
DA:32,11
LF:15
LH:15
BRDA:9,0,0,1
BRDA:18,1,0,1
BRDA:24,2,0,8
BRDA:24,2,1,7
BRF:4
BRH:4
end_of_record
TN:
SF:src/services/hotels-service/index.ts
FN:7,listHotels
FN:19,getHotels
FN:29,getHotelsWithRooms
FNF:3
FNH:3
FNDA:9,listHotels
FNDA:4,getHotels
FNDA:5,getHotelsWithRooms
DA:1,11
DA:2,11
DA:3,11
DA:4,11
DA:5,11
DA:8,9
DA:9,9
DA:10,2
DA:12,7
DA:14,7
DA:15,2
DA:20,4
DA:22,2
DA:23,2
DA:24,1
DA:26,1
DA:30,5
DA:32,3
DA:34,3
DA:35,2
DA:37,1
DA:40,11
LF:22
LH:22
BRDA:9,0,0,2
BRDA:14,1,0,2
BRDA:14,2,0,7
BRDA:14,2,1,7
BRDA:14,2,2,7
BRDA:14,2,3,5
BRDA:23,3,0,1
BRDA:23,4,0,2
BRDA:23,4,1,2
BRDA:34,5,0,2
BRDA:34,6,0,3
BRDA:34,6,1,2
BRF:12
BRH:12
end_of_record
TN:
SF:src/services/payments-service/index.ts
FN:8,getPaymentByTicketId
FN:29,createPayment
FNF:2
FNH:2
FNDA:4,getPaymentByTicketId
FNDA:7,createPayment
DA:2,11
DA:3,11
DA:4,11
DA:5,11
DA:6,11
DA:9,4
DA:10,3
DA:11,3
DA:12,2
DA:13,2
DA:14,1
DA:15,1
DA:30,7
DA:31,5
DA:32,5
DA:33,4
DA:34,4
DA:35,4
DA:36,4
DA:37,3
DA:38,3
DA:39,3
DA:40,3
DA:41,3
DA:44,11
DA:49,11
LF:26
LH:26
BRDA:9,0,0,1
BRDA:11,1,0,1
BRDA:13,2,0,1
BRDA:30,3,0,2
BRDA:30,4,0,7
BRDA:30,4,1,6
BRDA:32,5,0,1
BRDA:34,6,0,0
BRDA:36,7,0,1
BRDA:39,8,0,0
BRF:10
BRH:8
end_of_record
TN:
SF:src/services/tickets-service/index.ts
FN:6,createTicket
FN:16,getTicketTypes
FN:21,getOneTicket
FN:29,updateTicketStatus
FNF:4
FNH:4
FNDA:4,createTicket
FNDA:2,getTicketTypes
FNDA:3,getOneTicket
FNDA:3,updateTicketStatus
DA:2,11
DA:3,11
DA:4,11
DA:7,4
DA:8,4
DA:9,3
DA:10,2
DA:11,2
DA:12,2
DA:13,2
DA:17,2
DA:18,2
DA:22,3
DA:23,3
DA:24,2
DA:25,2
DA:26,1
DA:30,3
DA:31,3
DA:34,11
DA:41,11
LF:21
LH:21
BRDA:8,0,0,1
BRDA:10,1,0,0
BRDA:12,2,0,0
BRDA:23,3,0,1
BRDA:25,4,0,1
BRF:5
BRH:3
end_of_record
TN:
SF:src/services/users-service/errors.ts
FN:3,duplicatedEmailError
FNF:1
FNH:1
FNDA:4,duplicatedEmailError
DA:3,11
DA:4,4
LF:2
LH:2
BRF:0
BRH:0
end_of_record
TN:
SF:src/services/users-service/index.ts
FN:8,createUser
FN:20,validateUniqueEmailOrFail
FN:27,canEnrollOrFail
FNF:3
FNH:3
FNDA:9,createUser
FNDA:7,validateUniqueEmailOrFail
FNDA:9,canEnrollOrFail
DA:2,11
DA:3,11
DA:4,11
DA:5,11
DA:6,11
DA:8,11
DA:9,9
DA:11,7
DA:13,5
DA:14,5
DA:21,7
DA:22,7
DA:23,2
DA:28,9
DA:29,9
DA:30,2
DA:36,11
DA:40,11
DA:41,11
LF:19
LH:19
BRDA:22,0,0,2
BRDA:29,1,0,2
BRF:2
BRH:2
end_of_record
TN:
SF:src/utils/prisma-utils.ts
FN:1,exclude
FNF:1
FNH:1
FNDA:12,exclude
DA:1,11
DA:2,12
DA:3,12
DA:4,18
DA:6,12
LF:5
LH:5
BRF:0
BRH:0
end_of_record
TN:
SF:src/utils/request.ts
FN:4,get
FNF:1
FNH:1
FNDA:4,get
DA:1,11
DA:2,11
DA:5,4
DA:6,4
DA:7,3
DA:9,1
DA:11,1
DA:15,11
LF:8
LH:8
BRF:0
BRH:0
end_of_record
